This is pdfTeX, Version 3.14159265-2.6-1.40.17 (MiKTeX 2.9 64-bit) (preloaded format=pdflatex 2016.11.1)  26 AUG 2019 16:22
entering extended mode
**./gscaLCA_JSSsubmission_1.tex
(gscaLCA_JSSsubmission_1.tex
LaTeX2e <2016/03/31> patch level 3
Babel <3.9r> and hyphenation patterns for 75 language(s) loaded.
("C:\Program Files\MiKTeX 2.9\tex\latex\base\article.cls"
Document Class: article 2014/09/29 v1.4h Standard LaTeX document class
("C:\Program Files\MiKTeX 2.9\tex\latex\base\size10.clo"
File: size10.clo 2014/09/29 v1.4h Standard LaTeX file (size option)
)
\c@part=\count79
\c@section=\count80
\c@subsection=\count81
\c@subsubsection=\count82
\c@paragraph=\count83
\c@subparagraph=\count84
\c@figure=\count85
\c@table=\count86
\abovecaptionskip=\skip41
\belowcaptionskip=\skip42
\bibindent=\dimen102
)
("C:\Program Files\MiKTeX 2.9\tex\latex\pdfpages\pdfpages.sty"
Package: pdfpages 2016/04/19 v0.5f Insert pages of external PDF documents (AM)

("C:\Program Files\MiKTeX 2.9\tex\latex\base\ifthen.sty"
Package: ifthen 2014/09/29 v1.1c Standard LaTeX ifthen package (DPC)
)
("C:\Program Files\MiKTeX 2.9\tex\latex\tools\calc.sty"
Package: calc 2014/10/28 v4.3 Infix arithmetic (KKT,FJ)
\calc@Acount=\count87
\calc@Bcount=\count88
\calc@Adimen=\dimen103
\calc@Bdimen=\dimen104
\calc@Askip=\skip43
\calc@Bskip=\skip44
LaTeX Info: Redefining \setlength on input line 80.
LaTeX Info: Redefining \addtolength on input line 81.
\calc@Ccount=\count89
\calc@Cskip=\skip45
)
("C:\Program Files\MiKTeX 2.9\tex\latex\eso-pic\eso-pic.sty"
Package: eso-pic 2015/07/21 v2.0g eso-pic (RN)

("C:\Program Files\MiKTeX 2.9\tex\generic\oberdiek\atbegshi.sty"
Package: atbegshi 2016/06/09 v1.18 At begin shipout hook (HO)

("C:\Program Files\MiKTeX 2.9\tex\generic\oberdiek\infwarerr.sty"
Package: infwarerr 2016/05/16 v1.4 Providing info/warning/error messages (HO)
)
("C:\Program Files\MiKTeX 2.9\tex\generic\oberdiek\ltxcmds.sty"
Package: ltxcmds 2016/05/16 v1.23 LaTeX kernel commands for general use (HO)
)
("C:\Program Files\MiKTeX 2.9\tex\generic\oberdiek\ifpdf.sty"
Package: ifpdf 2016/05/14 v3.1 Provides the ifpdf switch
))
("C:\Program Files\MiKTeX 2.9\tex\latex\graphics\keyval.sty"
Package: keyval 2014/10/28 v1.15 key=value parser (DPC)
\KV@toks@=\toks14
)
("C:\Program Files\MiKTeX 2.9\tex\latex\xcolor\xcolor.sty"
Package: xcolor 2016/05/11 v2.12 LaTeX color extensions (UK)

("C:\Program Files\MiKTeX 2.9\tex\latex\00miktex\color.cfg"
File: color.cfg 2016/01/02 v1.6 sample color configuration
)
Package xcolor Info: Driver file: pdftex.def on input line 225.

("C:\Program Files\MiKTeX 2.9\tex\latex\graphics-def\pdftex.def"
File: pdftex.def 2016/07/10 v0.06j Graphics/color for pdfTeX
\Gread@gobject=\count90
)
Package xcolor Info: Model `cmy' substituted by `cmy0' on input line 1348.
Package xcolor Info: Model `hsb' substituted by `rgb' on input line 1352.
Package xcolor Info: Model `RGB' extended on input line 1364.
Package xcolor Info: Model `HTML' substituted by `rgb' on input line 1366.
Package xcolor Info: Model `Hsb' substituted by `hsb' on input line 1367.
Package xcolor Info: Model `tHsb' substituted by `hsb' on input line 1368.
Package xcolor Info: Model `HSB' substituted by `hsb' on input line 1369.
Package xcolor Info: Model `Gray' substituted by `gray' on input line 1370.
Package xcolor Info: Model `wave' substituted by `hsb' on input line 1371.
))
("C:\Program Files\MiKTeX 2.9\tex\latex\graphics\graphicx.sty"
Package: graphicx 2014/10/28 v1.0g Enhanced LaTeX Graphics (DPC,SPQR)

("C:\Program Files\MiKTeX 2.9\tex\latex\graphics\graphics.sty"
Package: graphics 2016/07/10 v1.0t Standard LaTeX Graphics (DPC,SPQR)

("C:\Program Files\MiKTeX 2.9\tex\latex\graphics\trig.sty"
Package: trig 2016/01/03 v1.10 sin cos tan (DPC)
)
("C:\Program Files\MiKTeX 2.9\tex\latex\00miktex\graphics.cfg"
File: graphics.cfg 2016/06/04 v1.11 sample graphics configuration
)
Package graphics Info: Driver file: pdftex.def on input line 99.
)
\Gin@req@height=\dimen105
\Gin@req@width=\dimen106
)
\AM@pagewidth=\dimen107
\AM@pageheight=\dimen108

("C:\Program Files\MiKTeX 2.9\tex\latex\pdfpages\pppdftex.def"
File: pppdftex.def 2016/04/19 v0.5f Pdfpages driver for pdfTeX (AM)
)
\AM@pagebox=\box26
\AM@global@opts=\toks15
\AM@toc@title=\toks16
\c@AM@survey=\count91
\AM@templatesizebox=\box27
)
(C:/Users/seohpark/DOCUME~1/R/R-36~1.1/share/texmf/tex/latex\Sweave.sty
Package: Sweave 

("C:\Program Files\MiKTeX 2.9\tex\latex\fancyvrb\fancyvrb.sty"
Package: fancyvrb 2008/02/07

Style option: `fancyvrb' v2.7a, with DG/SPQR fixes, and firstline=lastline fix 
<2008/02/07> (tvz)
\FV@CodeLineNo=\count92
\FV@InFile=\read1
\FV@TabBox=\box28
\c@FancyVerbLine=\count93
\FV@StepNumber=\count94
\FV@OutFile=\write3
) ("C:\Program Files\MiKTeX 2.9\tex\latex\base\textcomp.sty"
Package: textcomp 2016/06/19 v1.99m Standard LaTeX package
Package textcomp Info: Sub-encoding information:
(textcomp)               5 = only ISO-Adobe without \textcurrency
(textcomp)               4 = 5 + \texteuro
(textcomp)               3 = 4 + \textohm
(textcomp)               2 = 3 + \textestimated + \textcurrency
(textcomp)               1 = TS1 - \textcircled - \t
(textcomp)               0 = TS1 (full)
(textcomp)             Font families with sub-encoding setting implement
(textcomp)             only a restricted character set as indicated.
(textcomp)             Family '?' is the default used for unknown fonts.
(textcomp)             See the documentation for details.
Package textcomp Info: Setting ? sub-encoding to TS1/1 on input line 79.

("C:\Program Files\MiKTeX 2.9\tex\latex\base\ts1enc.def"
File: ts1enc.def 2001/06/05 v3.0e (jk/car/fm) Standard LaTeX file
)
LaTeX Info: Redefining \oldstylenums on input line 334.
Package textcomp Info: Setting cmr sub-encoding to TS1/0 on input line 349.
Package textcomp Info: Setting cmss sub-encoding to TS1/0 on input line 350.
Package textcomp Info: Setting cmtt sub-encoding to TS1/0 on input line 351.
Package textcomp Info: Setting cmvtt sub-encoding to TS1/0 on input line 352.
Package textcomp Info: Setting cmbr sub-encoding to TS1/0 on input line 353.
Package textcomp Info: Setting cmtl sub-encoding to TS1/0 on input line 354.
Package textcomp Info: Setting ccr sub-encoding to TS1/0 on input line 355.
Package textcomp Info: Setting ptm sub-encoding to TS1/4 on input line 356.
Package textcomp Info: Setting pcr sub-encoding to TS1/4 on input line 357.
Package textcomp Info: Setting phv sub-encoding to TS1/4 on input line 358.
Package textcomp Info: Setting ppl sub-encoding to TS1/3 on input line 359.
Package textcomp Info: Setting pag sub-encoding to TS1/4 on input line 360.
Package textcomp Info: Setting pbk sub-encoding to TS1/4 on input line 361.
Package textcomp Info: Setting pnc sub-encoding to TS1/4 on input line 362.
Package textcomp Info: Setting pzc sub-encoding to TS1/4 on input line 363.
Package textcomp Info: Setting bch sub-encoding to TS1/4 on input line 364.
Package textcomp Info: Setting put sub-encoding to TS1/5 on input line 365.
Package textcomp Info: Setting uag sub-encoding to TS1/5 on input line 366.
Package textcomp Info: Setting ugq sub-encoding to TS1/5 on input line 367.
Package textcomp Info: Setting ul8 sub-encoding to TS1/4 on input line 368.
Package textcomp Info: Setting ul9 sub-encoding to TS1/4 on input line 369.
Package textcomp Info: Setting augie sub-encoding to TS1/5 on input line 370.
Package textcomp Info: Setting dayrom sub-encoding to TS1/3 on input line 371.
Package textcomp Info: Setting dayroms sub-encoding to TS1/3 on input line 372.

Package textcomp Info: Setting pxr sub-encoding to TS1/0 on input line 373.
Package textcomp Info: Setting pxss sub-encoding to TS1/0 on input line 374.
Package textcomp Info: Setting pxtt sub-encoding to TS1/0 on input line 375.
Package textcomp Info: Setting txr sub-encoding to TS1/0 on input line 376.
Package textcomp Info: Setting txss sub-encoding to TS1/0 on input line 377.
Package textcomp Info: Setting txtt sub-encoding to TS1/0 on input line 378.
Package textcomp Info: Setting lmr sub-encoding to TS1/0 on input line 379.
Package textcomp Info: Setting lmdh sub-encoding to TS1/0 on input line 380.
Package textcomp Info: Setting lmss sub-encoding to TS1/0 on input line 381.
Package textcomp Info: Setting lmssq sub-encoding to TS1/0 on input line 382.
Package textcomp Info: Setting lmvtt sub-encoding to TS1/0 on input line 383.
Package textcomp Info: Setting lmtt sub-encoding to TS1/0 on input line 384.
Package textcomp Info: Setting qhv sub-encoding to TS1/0 on input line 385.
Package textcomp Info: Setting qag sub-encoding to TS1/0 on input line 386.
Package textcomp Info: Setting qbk sub-encoding to TS1/0 on input line 387.
Package textcomp Info: Setting qcr sub-encoding to TS1/0 on input line 388.
Package textcomp Info: Setting qcs sub-encoding to TS1/0 on input line 389.
Package textcomp Info: Setting qpl sub-encoding to TS1/0 on input line 390.
Package textcomp Info: Setting qtm sub-encoding to TS1/0 on input line 391.
Package textcomp Info: Setting qzc sub-encoding to TS1/0 on input line 392.
Package textcomp Info: Setting qhvc sub-encoding to TS1/0 on input line 393.
Package textcomp Info: Setting futs sub-encoding to TS1/4 on input line 394.
Package textcomp Info: Setting futx sub-encoding to TS1/4 on input line 395.
Package textcomp Info: Setting futj sub-encoding to TS1/4 on input line 396.
Package textcomp Info: Setting hlh sub-encoding to TS1/3 on input line 397.
Package textcomp Info: Setting hls sub-encoding to TS1/3 on input line 398.
Package textcomp Info: Setting hlst sub-encoding to TS1/3 on input line 399.
Package textcomp Info: Setting hlct sub-encoding to TS1/5 on input line 400.
Package textcomp Info: Setting hlx sub-encoding to TS1/5 on input line 401.
Package textcomp Info: Setting hlce sub-encoding to TS1/5 on input line 402.
Package textcomp Info: Setting hlcn sub-encoding to TS1/5 on input line 403.
Package textcomp Info: Setting hlcw sub-encoding to TS1/5 on input line 404.
Package textcomp Info: Setting hlcf sub-encoding to TS1/5 on input line 405.
Package textcomp Info: Setting pplx sub-encoding to TS1/3 on input line 406.
Package textcomp Info: Setting pplj sub-encoding to TS1/3 on input line 407.
Package textcomp Info: Setting ptmx sub-encoding to TS1/4 on input line 408.
Package textcomp Info: Setting ptmj sub-encoding to TS1/4 on input line 409.
)
("C:\Program Files\MiKTeX 2.9\tex\latex\base\fontenc.sty"
Package: fontenc 2016/06/19 v1.99m Standard LaTeX package

("C:\Program Files\MiKTeX 2.9\tex\latex\base\t1enc.def"
File: t1enc.def 2016/06/19 v1.99m Standard LaTeX file
LaTeX Font Info:    Redeclaring font encoding T1 on input line 48.
))
("C:\Program Files\MiKTeX 2.9\tex\latex\ae\ae.sty"
Package: ae 2001/02/12 1.3 Almost European Computer Modern

("C:\Program Files\MiKTeX 2.9\tex\latex\base\fontenc.sty"
Package: fontenc 2016/06/19 v1.99m Standard LaTeX package

("C:\Program Files\MiKTeX 2.9\tex\latex\base\t1enc.def"
File: t1enc.def 2016/06/19 v1.99m Standard LaTeX file
LaTeX Font Info:    Redeclaring font encoding T1 on input line 48.
)
LaTeX Font Info:    Try loading font information for T1+aer on input line 105.

("C:\Program Files\MiKTeX 2.9\tex\latex\ae\t1aer.fd"
File: t1aer.fd 1997/11/16 Font definitions for T1/aer.
))))
(gscaLCA_JSSsubmission_1.aux)
\openout1 = `gscaLCA_JSSsubmission_1.aux'.

LaTeX Font Info:    Checking defaults for OML/cmm/m/it on input line 6.
LaTeX Font Info:    ... okay on input line 6.
LaTeX Font Info:    Checking defaults for T1/cmr/m/n on input line 6.
LaTeX Font Info:    ... okay on input line 6.
LaTeX Font Info:    Checking defaults for OT1/cmr/m/n on input line 6.
LaTeX Font Info:    ... okay on input line 6.
LaTeX Font Info:    Checking defaults for OMS/cmsy/m/n on input line 6.
LaTeX Font Info:    ... okay on input line 6.
LaTeX Font Info:    Checking defaults for OMX/cmex/m/n on input line 6.
LaTeX Font Info:    ... okay on input line 6.
LaTeX Font Info:    Checking defaults for U/cmr/m/n on input line 6.
LaTeX Font Info:    ... okay on input line 6.
LaTeX Font Info:    Checking defaults for TS1/cmr/m/n on input line 6.
LaTeX Font Info:    Try loading font information for TS1+cmr on input line 6.

("C:\Program Files\MiKTeX 2.9\tex\latex\base\ts1cmr.fd"
File: ts1cmr.fd 2014/09/29 v2.5h Standard LaTeX font definitions
)
LaTeX Font Info:    ... okay on input line 6.
\AtBeginShipoutBox=\box29

("C:\Program Files\MiKTeX 2.9\tex\context\base\supp-pdf.mkii"
[Loading MPS to PDF converter (version 2006.09.02).]
\scratchcounter=\count95
\scratchdimen=\dimen109
\scratchbox=\box30
\nofMPsegments=\count96
\nofMParguments=\count97
\everyMPshowfont=\toks17
\MPscratchCnt=\count98
\MPscratchDim=\dimen110
\MPnumerator=\count99
\makeMPintoPDFobject=\count100
\everyMPtoPDFconversion=\toks18
) ("C:\Program Files\MiKTeX 2.9\tex\generic\oberdiek\pdftexcmds.sty"
Package: pdftexcmds 2016/05/21 v0.22 Utility functions of pdfTeX for LuaTeX (HO
)

("C:\Program Files\MiKTeX 2.9\tex\generic\oberdiek\ifluatex.sty"
Package: ifluatex 2016/05/16 v1.4 Provides the ifluatex switch (HO)
Package ifluatex Info: LuaTeX not detected.
)
Package pdftexcmds Info: LuaTeX not detected.
Package pdftexcmds Info: \pdf@primitive is available.
Package pdftexcmds Info: \pdf@ifprimitive is available.
Package pdftexcmds Info: \pdfdraftmode found.
)
("C:\Program Files\MiKTeX 2.9\tex\latex\oberdiek\epstopdf-base.sty"
Package: epstopdf-base 2016/05/15 v2.6 Base part for package epstopdf

("C:\Program Files\MiKTeX 2.9\tex\latex\oberdiek\grfext.sty"
Package: grfext 2016/05/16 v1.2 Manage graphics extensions (HO)

("C:\Program Files\MiKTeX 2.9\tex\generic\oberdiek\kvdefinekeys.sty"
Package: kvdefinekeys 2016/05/16 v1.4 Define keys (HO)
))
("C:\Program Files\MiKTeX 2.9\tex\latex\oberdiek\kvoptions.sty"
Package: kvoptions 2016/05/16 v3.12 Key value format for package options (HO)

("C:\Program Files\MiKTeX 2.9\tex\generic\oberdiek\kvsetkeys.sty"
Package: kvsetkeys 2016/05/16 v1.17 Key value parser (HO)

("C:\Program Files\MiKTeX 2.9\tex\generic\oberdiek\etexcmds.sty"
Package: etexcmds 2016/05/16 v1.6 Avoid name clashes with e-TeX commands (HO)
Package etexcmds Info: Could not find \expanded.
(etexcmds)             That can mean that you are not using pdfTeX 1.50 or
(etexcmds)             that some package has redefined \expanded.
(etexcmds)             In the latter case, load this package earlier.
)))
Package epstopdf-base Info: Redefining graphics rule for `.eps' on input line 4
38.
Package grfext Info: Graphics extension search list:
(grfext)             [.png,.pdf,.jpg,.mps,.jpeg,.jbig2,.jb2,.PNG,.PDF,.JPG,.JPE
G,.JBIG2,.JB2,.eps]
(grfext)             \AppendGraphicsExtensions on input line 456.
)
("C:\Program Files\MiKTeX 2.9\tex\latex\oberdiek\pdflscape.sty"
Package: pdflscape 2016/05/14 v0.11 Display of landscape pages in PDF (HO)

("C:\Program Files\MiKTeX 2.9\tex\latex\graphics\lscape.sty"
Package: lscape 2000/10/22 v3.01 Landscape Pages (DPC)
)
Package pdflscape Info: Auto-detected driver: pdftex on input line 81.

("C:\Program Files\MiKTeX 2.9\tex\generic\ifxetex\ifxetex.sty"
Package: ifxetex 2010/09/12 v0.6 Provides ifxetex conditional
))
<gscaLCA_JSSsubmission.pdf, id=1, 597.50829pt x 845.0471pt>
File: gscaLCA_JSSsubmission.pdf Graphic file (type pdf)

<use gscaLCA_JSSsubmission.pdf>
Package pdftex.def Info: gscaLCA_JSSsubmission.pdf used on input line 8.
(pdftex.def)             Requested size: 276.00105pt x 390.33818pt.
File: gscaLCA_JSSsubmission.pdf Graphic file (type pdf)
 <use gscaLCA_JSSsubmission.pdf>
Package pdftex.def Info: gscaLCA_JSSsubmission.pdf used on input line 8.
(pdftex.def)             Requested size: 276.00105pt x 390.33818pt.

<gscaLCA_JSSsubmission.pdf, id=4, page=1, 597.50829pt x 845.0471pt>
File: gscaLCA_JSSsubmission.pdf Graphic file (type pdf)

<use gscaLCA_JSSsubmission.pdf, page 1>
Package pdftex.def Info: gscaLCA_JSSsubmission.pdf, page1 used on input line 8.

(pdftex.def)             Requested size: 597.50682pt x 845.04504pt.
File: gscaLCA_JSSsubmission.pdf Graphic file (type pdf)

<use gscaLCA_JSSsubmission.pdf, page 1>
Package pdftex.def Info: gscaLCA_JSSsubmission.pdf, page1 used on input line 8.

(pdftex.def)             Requested size: 597.53416pt x 845.08372pt.
File: gscaLCA_JSSsubmission.pdf Graphic file (type pdf)

<use gscaLCA_JSSsubmission.pdf, page 1>
Package pdftex.def Info: gscaLCA_JSSsubmission.pdf, page1 used on input line 8.

(pdftex.def)             Requested size: 597.53416pt x 845.08372pt.
File: gscaLCA_JSSsubmission.pdf Graphic file (type pdf)

<use gscaLCA_JSSsubmission.pdf, page 1>
Package pdftex.def Info: gscaLCA_JSSsubmission.pdf, page1 used on input line 8.

(pdftex.def)             Requested size: 597.53416pt x 845.08372pt.
File: gscaLCA_JSSsubmission.pdf Graphic file (type pdf)

<use gscaLCA_JSSsubmission.pdf, page 1>
Package pdftex.def Info: gscaLCA_JSSsubmission.pdf, page1 used on input line 8.

(pdftex.def)             Requested size: 597.53416pt x 845.08372pt.
 [1

 <./gscaLCA_JSSsubmission.pdf{C:/ProgramData/MiKTeX/2.9/pdftex/config/pdftex.ma
p}>]
<gscaLCA_JSSsubmission.pdf, id=59, page=2, 597.50829pt x 845.0471pt>
File: gscaLCA_JSSsubmission.pdf Graphic file (type pdf)

<use gscaLCA_JSSsubmission.pdf, page 2>
Package pdftex.def Info: gscaLCA_JSSsubmission.pdf, page2 used on input line 8.

(pdftex.def)             Requested size: 597.53416pt x 845.08372pt.
File: gscaLCA_JSSsubmission.pdf Graphic file (type pdf)

<use gscaLCA_JSSsubmission.pdf, page 2>
Package pdftex.def Info: gscaLCA_JSSsubmission.pdf, page2 used on input line 8.

(pdftex.def)             Requested size: 597.53416pt x 845.08372pt.
File: gscaLCA_JSSsubmission.pdf Graphic file (type pdf)

<use gscaLCA_JSSsubmission.pdf, page 2>
Package pdftex.def Info: gscaLCA_JSSsubmission.pdf, page2 used on input line 8.

(pdftex.def)             Requested size: 597.53416pt x 845.08372pt.
 [2 <./gscaLCA_JSSsubmission.pdf>]
<gscaLCA_JSSsubmission.pdf, id=68, page=3, 597.50829pt x 845.0471pt>
File: gscaLCA_JSSsubmission.pdf Graphic file (type pdf)

<use gscaLCA_JSSsubmission.pdf, page 3>
Package pdftex.def Info: gscaLCA_JSSsubmission.pdf, page3 used on input line 8.

(pdftex.def)             Requested size: 597.53416pt x 845.08372pt.
File: gscaLCA_JSSsubmission.pdf Graphic file (type pdf)

<use gscaLCA_JSSsubmission.pdf, page 3>
Package pdftex.def Info: gscaLCA_JSSsubmission.pdf, page3 used on input line 8.

(pdftex.def)             Requested size: 597.53416pt x 845.08372pt.
File: gscaLCA_JSSsubmission.pdf Graphic file (type pdf)

<use gscaLCA_JSSsubmission.pdf, page 3>
Package pdftex.def Info: gscaLCA_JSSsubmission.pdf, page3 used on input line 8.

(pdftex.def)             Requested size: 597.53416pt x 845.08372pt.
 [3 <./gscaLCA_JSSsubmission.pdf>]
<gscaLCA_JSSsubmission.pdf, id=82, page=4, 597.50829pt x 845.0471pt>
File: gscaLCA_JSSsubmission.pdf Graphic file (type pdf)

<use gscaLCA_JSSsubmission.pdf, page 4>
Package pdftex.def Info: gscaLCA_JSSsubmission.pdf, page4 used on input line 8.

(pdftex.def)             Requested size: 597.53416pt x 845.08372pt.
File: gscaLCA_JSSsubmission.pdf Graphic file (type pdf)

<use gscaLCA_JSSsubmission.pdf, page 4>
Package pdftex.def Info: gscaLCA_JSSsubmission.pdf, page4 used on input line 8.

(pdftex.def)             Requested size: 597.53416pt x 845.08372pt.
File: gscaLCA_JSSsubmission.pdf Graphic file (type pdf)

<use gscaLCA_JSSsubmission.pdf, page 4>
Package pdftex.def Info: gscaLCA_JSSsubmission.pdf, page4 used on input line 8.

(pdftex.def)             Requested size: 597.53416pt x 845.08372pt.
 [4 <./gscaLCA_JSSsubmission.pdf>]
<gscaLCA_JSSsubmission.pdf, id=121, page=5, 597.50829pt x 845.0471pt>
File: gscaLCA_JSSsubmission.pdf Graphic file (type pdf)

<use gscaLCA_JSSsubmission.pdf, page 5>
Package pdftex.def Info: gscaLCA_JSSsubmission.pdf, page5 used on input line 8.

(pdftex.def)             Requested size: 597.53416pt x 845.08372pt.
File: gscaLCA_JSSsubmission.pdf Graphic file (type pdf)

<use gscaLCA_JSSsubmission.pdf, page 5>
Package pdftex.def Info: gscaLCA_JSSsubmission.pdf, page5 used on input line 8.

(pdftex.def)             Requested size: 597.53416pt x 845.08372pt.
File: gscaLCA_JSSsubmission.pdf Graphic file (type pdf)

<use gscaLCA_JSSsubmission.pdf, page 5>
Package pdftex.def Info: gscaLCA_JSSsubmission.pdf, page5 used on input line 8.

(pdftex.def)             Requested size: 597.53416pt x 845.08372pt.
 [5 <./gscaLCA_JSSsubmission.pdf>]
<gscaLCA_JSSsubmission.pdf, id=125, page=6, 597.50829pt x 845.0471pt>
File: gscaLCA_JSSsubmission.pdf Graphic file (type pdf)

<use gscaLCA_JSSsubmission.pdf, page 6>
Package pdftex.def Info: gscaLCA_JSSsubmission.pdf, page6 used on input line 8.

(pdftex.def)             Requested size: 597.53416pt x 845.08372pt.
File: gscaLCA_JSSsubmission.pdf Graphic file (type pdf)

<use gscaLCA_JSSsubmission.pdf, page 6>
Package pdftex.def Info: gscaLCA_JSSsubmission.pdf, page6 used on input line 8.

(pdftex.def)             Requested size: 597.53416pt x 845.08372pt.
File: gscaLCA_JSSsubmission.pdf Graphic file (type pdf)

<use gscaLCA_JSSsubmission.pdf, page 6>
Package pdftex.def Info: gscaLCA_JSSsubmission.pdf, page6 used on input line 8.

(pdftex.def)             Requested size: 597.53416pt x 845.08372pt.
 [6 <./gscaLCA_JSSsubmission.pdf>]
<gscaLCA_JSSsubmission.pdf, id=129, page=7, 597.50829pt x 845.0471pt>
File: gscaLCA_JSSsubmission.pdf Graphic file (type pdf)

<use gscaLCA_JSSsubmission.pdf, page 7>
Package pdftex.def Info: gscaLCA_JSSsubmission.pdf, page7 used on input line 8.

(pdftex.def)             Requested size: 597.53416pt x 845.08372pt.
File: gscaLCA_JSSsubmission.pdf Graphic file (type pdf)

<use gscaLCA_JSSsubmission.pdf, page 7>
Package pdftex.def Info: gscaLCA_JSSsubmission.pdf, page7 used on input line 8.

(pdftex.def)             Requested size: 597.53416pt x 845.08372pt.
File: gscaLCA_JSSsubmission.pdf Graphic file (type pdf)

<use gscaLCA_JSSsubmission.pdf, page 7>
Package pdftex.def Info: gscaLCA_JSSsubmission.pdf, page7 used on input line 8.

(pdftex.def)             Requested size: 597.53416pt x 845.08372pt.
 [7 <./gscaLCA_JSSsubmission.pdf>]
<gscaLCA_JSSsubmission.pdf, id=139, page=8, 597.50829pt x 845.0471pt>
File: gscaLCA_JSSsubmission.pdf Graphic file (type pdf)

<use gscaLCA_JSSsubmission.pdf, page 8>
Package pdftex.def Info: gscaLCA_JSSsubmission.pdf, page8 used on input line 8.

(pdftex.def)             Requested size: 597.53416pt x 845.08372pt.
File: gscaLCA_JSSsubmission.pdf Graphic file (type pdf)

<use gscaLCA_JSSsubmission.pdf, page 8>
Package pdftex.def Info: gscaLCA_JSSsubmission.pdf, page8 used on input line 8.

(pdftex.def)             Requested size: 597.53416pt x 845.08372pt.
File: gscaLCA_JSSsubmission.pdf Graphic file (type pdf)

<use gscaLCA_JSSsubmission.pdf, page 8>
Package pdftex.def Info: gscaLCA_JSSsubmission.pdf, page8 used on input line 8.

(pdftex.def)             Requested size: 597.53416pt x 845.08372pt.
 [8 <./gscaLCA_JSSsubmission.pdf>]
<gscaLCA_JSSsubmission.pdf, id=148, page=9, 597.50829pt x 845.0471pt>
File: gscaLCA_JSSsubmission.pdf Graphic file (type pdf)

<use gscaLCA_JSSsubmission.pdf, page 9>
Package pdftex.def Info: gscaLCA_JSSsubmission.pdf, page9 used on input line 8.

(pdftex.def)             Requested size: 597.53416pt x 845.08372pt.
File: gscaLCA_JSSsubmission.pdf Graphic file (type pdf)

<use gscaLCA_JSSsubmission.pdf, page 9>
Package pdftex.def Info: gscaLCA_JSSsubmission.pdf, page9 used on input line 8.

(pdftex.def)             Requested size: 597.53416pt x 845.08372pt.
File: gscaLCA_JSSsubmission.pdf Graphic file (type pdf)

<use gscaLCA_JSSsubmission.pdf, page 9>
Package pdftex.def Info: gscaLCA_JSSsubmission.pdf, page9 used on input line 8.

(pdftex.def)             Requested size: 597.53416pt x 845.08372pt.
 [9 <./gscaLCA_JSSsubmission.pdf>]
<gscaLCA_JSSsubmission.pdf, id=152, page=10, 597.50829pt x 845.0471pt>
File: gscaLCA_JSSsubmission.pdf Graphic file (type pdf)

<use gscaLCA_JSSsubmission.pdf, page 10>
Package pdftex.def Info: gscaLCA_JSSsubmission.pdf, page10 used on input line 8
.
(pdftex.def)             Requested size: 597.53416pt x 845.08372pt.
File: gscaLCA_JSSsubmission.pdf Graphic file (type pdf)

<use gscaLCA_JSSsubmission.pdf, page 10>
Package pdftex.def Info: gscaLCA_JSSsubmission.pdf, page10 used on input line 8
.
(pdftex.def)             Requested size: 597.53416pt x 845.08372pt.
File: gscaLCA_JSSsubmission.pdf Graphic file (type pdf)

<use gscaLCA_JSSsubmission.pdf, page 10>
Package pdftex.def Info: gscaLCA_JSSsubmission.pdf, page10 used on input line 8
.
(pdftex.def)             Requested size: 597.53416pt x 845.08372pt.
 [10 <./gscaLCA_JSSsubmission.pdf>]
<gscaLCA_JSSsubmission.pdf, id=156, page=11, 597.50829pt x 845.0471pt>
File: gscaLCA_JSSsubmission.pdf Graphic file (type pdf)

<use gscaLCA_JSSsubmission.pdf, page 11>
Package pdftex.def Info: gscaLCA_JSSsubmission.pdf, page11 used on input line 8
.
(pdftex.def)             Requested size: 597.53416pt x 845.08372pt.
File: gscaLCA_JSSsubmission.pdf Graphic file (type pdf)

<use gscaLCA_JSSsubmission.pdf, page 11>
Package pdftex.def Info: gscaLCA_JSSsubmission.pdf, page11 used on input line 8
.
(pdftex.def)             Requested size: 597.53416pt x 845.08372pt.
File: gscaLCA_JSSsubmission.pdf Graphic file (type pdf)

<use gscaLCA_JSSsubmission.pdf, page 11>
Package pdftex.def Info: gscaLCA_JSSsubmission.pdf, page11 used on input line 8
.
(pdftex.def)             Requested size: 597.53416pt x 845.08372pt.
 [11 <./gscaLCA_JSSsubmission.pdf>]
<gscaLCA_JSSsubmission.pdf, id=166, page=12, 597.50829pt x 845.0471pt>
File: gscaLCA_JSSsubmission.pdf Graphic file (type pdf)

<use gscaLCA_JSSsubmission.pdf, page 12>
Package pdftex.def Info: gscaLCA_JSSsubmission.pdf, page12 used on input line 8
.
(pdftex.def)             Requested size: 597.53416pt x 845.08372pt.
File: gscaLCA_JSSsubmission.pdf Graphic file (type pdf)

<use gscaLCA_JSSsubmission.pdf, page 12>
Package pdftex.def Info: gscaLCA_JSSsubmission.pdf, page12 used on input line 8
.
(pdftex.def)             Requested size: 597.53416pt x 845.08372pt.
File: gscaLCA_JSSsubmission.pdf Graphic file (type pdf)

<use gscaLCA_JSSsubmission.pdf, page 12>
Package pdftex.def Info: gscaLCA_JSSsubmission.pdf, page12 used on input line 8
.
(pdftex.def)             Requested size: 597.53416pt x 845.08372pt.
 [12 <./gscaLCA_JSSsubmission.pdf>]
<gscaLCA_JSSsubmission.pdf, id=170, page=13, 597.50829pt x 845.0471pt>
File: gscaLCA_JSSsubmission.pdf Graphic file (type pdf)

<use gscaLCA_JSSsubmission.pdf, page 13>
Package pdftex.def Info: gscaLCA_JSSsubmission.pdf, page13 used on input line 8
.
(pdftex.def)             Requested size: 597.53416pt x 845.08372pt.
File: gscaLCA_JSSsubmission.pdf Graphic file (type pdf)

<use gscaLCA_JSSsubmission.pdf, page 13>
Package pdftex.def Info: gscaLCA_JSSsubmission.pdf, page13 used on input line 8
.
(pdftex.def)             Requested size: 597.53416pt x 845.08372pt.
File: gscaLCA_JSSsubmission.pdf Graphic file (type pdf)

<use gscaLCA_JSSsubmission.pdf, page 13>
Package pdftex.def Info: gscaLCA_JSSsubmission.pdf, page13 used on input line 8
.
(pdftex.def)             Requested size: 597.53416pt x 845.08372pt.
 [13 <./gscaLCA_JSSsubmission.pdf>]
<gscaLCA_JSSsubmission.pdf, id=175, page=14, 597.50829pt x 845.0471pt>
File: gscaLCA_JSSsubmission.pdf Graphic file (type pdf)

<use gscaLCA_JSSsubmission.pdf, page 14>
Package pdftex.def Info: gscaLCA_JSSsubmission.pdf, page14 used on input line 8
.
(pdftex.def)             Requested size: 597.53416pt x 845.08372pt.
File: gscaLCA_JSSsubmission.pdf Graphic file (type pdf)

<use gscaLCA_JSSsubmission.pdf, page 14>
Package pdftex.def Info: gscaLCA_JSSsubmission.pdf, page14 used on input line 8
.
(pdftex.def)             Requested size: 597.53416pt x 845.08372pt.
File: gscaLCA_JSSsubmission.pdf Graphic file (type pdf)

<use gscaLCA_JSSsubmission.pdf, page 14>
Package pdftex.def Info: gscaLCA_JSSsubmission.pdf, page14 used on input line 8
.
(pdftex.def)             Requested size: 597.53416pt x 845.08372pt.
 [14 <./gscaLCA_JSSsubmission.pdf>]
<gscaLCA_JSSsubmission.pdf, id=185, page=15, 597.50829pt x 845.0471pt>
File: gscaLCA_JSSsubmission.pdf Graphic file (type pdf)

<use gscaLCA_JSSsubmission.pdf, page 15>
Package pdftex.def Info: gscaLCA_JSSsubmission.pdf, page15 used on input line 8
.
(pdftex.def)             Requested size: 597.53416pt x 845.08372pt.
File: gscaLCA_JSSsubmission.pdf Graphic file (type pdf)

<use gscaLCA_JSSsubmission.pdf, page 15>
Package pdftex.def Info: gscaLCA_JSSsubmission.pdf, page15 used on input line 8
.
(pdftex.def)             Requested size: 597.53416pt x 845.08372pt.
File: gscaLCA_JSSsubmission.pdf Graphic file (type pdf)

<use gscaLCA_JSSsubmission.pdf, page 15>
Package pdftex.def Info: gscaLCA_JSSsubmission.pdf, page15 used on input line 8
.
(pdftex.def)             Requested size: 597.53416pt x 845.08372pt.
 [15 <./gscaLCA_JSSsubmission.pdf>]
<gscaLCA_JSSsubmission.pdf, id=189, page=16, 597.50829pt x 845.0471pt>
File: gscaLCA_JSSsubmission.pdf Graphic file (type pdf)

<use gscaLCA_JSSsubmission.pdf, page 16>
Package pdftex.def Info: gscaLCA_JSSsubmission.pdf, page16 used on input line 8
.
(pdftex.def)             Requested size: 597.53416pt x 845.08372pt.
File: gscaLCA_JSSsubmission.pdf Graphic file (type pdf)

<use gscaLCA_JSSsubmission.pdf, page 16>
Package pdftex.def Info: gscaLCA_JSSsubmission.pdf, page16 used on input line 8
.
(pdftex.def)             Requested size: 597.53416pt x 845.08372pt.
File: gscaLCA_JSSsubmission.pdf Graphic file (type pdf)

<use gscaLCA_JSSsubmission.pdf, page 16>
Package pdftex.def Info: gscaLCA_JSSsubmission.pdf, page16 used on input line 8
.
(pdftex.def)             Requested size: 597.53416pt x 845.08372pt.
 [16 <./gscaLCA_JSSsubmission.pdf>]
<gscaLCA_JSSsubmission.pdf, id=193, page=17, 597.50829pt x 845.0471pt>
File: gscaLCA_JSSsubmission.pdf Graphic file (type pdf)

<use gscaLCA_JSSsubmission.pdf, page 17>
Package pdftex.def Info: gscaLCA_JSSsubmission.pdf, page17 used on input line 8
.
(pdftex.def)             Requested size: 597.53416pt x 845.08372pt.
File: gscaLCA_JSSsubmission.pdf Graphic file (type pdf)

<use gscaLCA_JSSsubmission.pdf, page 17>
Package pdftex.def Info: gscaLCA_JSSsubmission.pdf, page17 used on input line 8
.
(pdftex.def)             Requested size: 597.53416pt x 845.08372pt.
File: gscaLCA_JSSsubmission.pdf Graphic file (type pdf)

<use gscaLCA_JSSsubmission.pdf, page 17>
Package pdftex.def Info: gscaLCA_JSSsubmission.pdf, page17 used on input line 8
.
(pdftex.def)             Requested size: 597.53416pt x 845.08372pt.
 [17 <./gscaLCA_JSSsubmission.pdf>]
<gscaLCA_JSSsubmission.pdf, id=197, page=18, 597.50829pt x 845.0471pt>
File: gscaLCA_JSSsubmission.pdf Graphic file (type pdf)

<use gscaLCA_JSSsubmission.pdf, page 18>
Package pdftex.def Info: gscaLCA_JSSsubmission.pdf, page18 used on input line 8
.
(pdftex.def)             Requested size: 597.53416pt x 845.08372pt.
File: gscaLCA_JSSsubmission.pdf Graphic file (type pdf)

<use gscaLCA_JSSsubmission.pdf, page 18>
Package pdftex.def Info: gscaLCA_JSSsubmission.pdf, page18 used on input line 8
.
(pdftex.def)             Requested size: 597.53416pt x 845.08372pt.
File: gscaLCA_JSSsubmission.pdf Graphic file (type pdf)

<use gscaLCA_JSSsubmission.pdf, page 18>
Package pdftex.def Info: gscaLCA_JSSsubmission.pdf, page18 used on input line 8
.
(pdftex.def)             Requested size: 597.53416pt x 845.08372pt.
 [18 <./gscaLCA_JSSsubmission.pdf>]
<gscaLCA_JSSsubmission.pdf, id=201, page=19, 597.50829pt x 845.0471pt>
File: gscaLCA_JSSsubmission.pdf Graphic file (type pdf)

<use gscaLCA_JSSsubmission.pdf, page 19>
Package pdftex.def Info: gscaLCA_JSSsubmission.pdf, page19 used on input line 8
.
(pdftex.def)             Requested size: 597.53416pt x 845.08372pt.
File: gscaLCA_JSSsubmission.pdf Graphic file (type pdf)

<use gscaLCA_JSSsubmission.pdf, page 19>
Package pdftex.def Info: gscaLCA_JSSsubmission.pdf, page19 used on input line 8
.
(pdftex.def)             Requested size: 597.53416pt x 845.08372pt.
File: gscaLCA_JSSsubmission.pdf Graphic file (type pdf)

<use gscaLCA_JSSsubmission.pdf, page 19>
Package pdftex.def Info: gscaLCA_JSSsubmission.pdf, page19 used on input line 8
.
(pdftex.def)             Requested size: 597.53416pt x 845.08372pt.
 [19 <./gscaLCA_JSSsubmission.pdf>]
(gscaLCA_JSSsubmission_1.aux) ) 
Here is how much of TeX's memory you used:
 3947 strings out of 493334
 57747 string characters out of 3139300
 115287 words of memory out of 3000000
 7426 multiletter control sequences out of 15000+200000
 5898 words of font info for 16 fonts, out of 3000000 for 9000
 1141 hyphenation exceptions out of 8191
 40i,18n,46p,256b,440s stack positions out of 5000i,500n,10000p,200000b,50000s
<C:/Program Files/MiKTeX 2.9/fonts/type1/public/
lm/lmbx10.pfb><C:/Program Files/MiKTeX 2.9/fonts/type1/public/lm/lmbx12.pfb><C:
/Program Files/MiKTeX 2.9/fonts/type1/public/lm/lmex10.pfb><C:/Program Files/Mi
KTeX 2.9/fonts/type1/public/lm/lmmi10.pfb><C:/Program Files/MiKTeX 2.9/fonts/ty
pe1/public/lm/lmmi6.pfb><C:/Program Files/MiKTeX 2.9/fonts/type1/public/lm/lmmi
8.pfb><C:/Program Files/MiKTeX 2.9/fonts/type1/public/lm/lmr10.pfb><C:/Program 
Files/MiKTeX 2.9/fonts/type1/public/lm/lmr6.pfb><C:/Program Files/MiKTeX 2.9/fo
nts/type1/public/lm/lmr8.pfb><C:/Program Files/MiKTeX 2.9/fonts/type1/public/lm
/lmri10.pfb><C:/Program Files/MiKTeX 2.9/fonts/type1/public/lm/lmri12.pfb><C:/P
rogram Files/MiKTeX 2.9/fonts/type1/public/lm/lmro10.pfb><C:/Program Files/MiKT
eX 2.9/fonts/type1/public/lm/lmss10.pfb><C:/Program Files/MiKTeX 2.9/fonts/type
1/public/lm/lmssbx10.pfb><C:/Program Files/MiKTeX 2.9/fonts/type1/public/lm/lms
so10.pfb><C:/Program Files/MiKTeX 2.9/fonts/type1/public/lm/lmsy10.pfb><C:/Prog
ram Files/MiKTeX 2.9/fonts/type1/public/lm/lmsy6.pfb><C:/Program Files/MiKTeX 2
.9/fonts/type1/public/lm/lmsy8.pfb><C:/Program Files/MiKTeX 2.9/fonts/type1/pub
lic/lm/lmtt10.pfb><C:/Program Files/MiKTeX 2.9/fonts/type1/public/lm/lmtto10.pf
b><C:/Program Files/MiKTeX 2.9/fonts/type1/urw/zapfchan/uzcmi8a.pfb>
Output written on gscaLCA_JSSsubmission_1.pdf (19 pages, 476363 bytes).
PDF statistics:
 229 PDF objects out of 1000 (max. 8388607)
 0 named destinations out of 1000 (max. 500000)
 111 words of extra memory for PDF output out of 10000 (max. 10000000)

